<?xml version="1.0" encoding="UTF-8"?>
<!-- Generated by org.testng.reporters.JUnitXMLReporter -->
<testsuite ignored="0" hostname="LAPTOP-3BL16AQ1" failures="0" tests="6" name="Test" time="24.95" errors="0" timestamp="2022-09-13T08:11:09 IST">
  <testcase classname="TestNg.TestNgExample2" name="enterUserName" time="1.461"/>
  <testcase classname="TestNg.TestNgExample3" name="enterUserName" time="1.778"/>
  <testcase classname="TestNg.TestNgExample2" name="enterPassword" time="1.462"/>
  <testcase classname="TestNg.TestNgExample3" name="enterPassword" time="0.743"/>
  <testcase classname="TestNg.TestNgExample2" name="clickLogin" time="6.037"/>
  <testcase classname="TestNg.TestNgExample3" name="clickLogin" time="0.242"/>
</testsuite> <!-- Test -->
