<?xml version="1.0" encoding="UTF-8"?>
<testng-results ignored="0" total="3" passed="3" failed="0" skipped="0">
  <reporter-output>
  </reporter-output>
  <suite started-at="2022-09-22T08:54:23 IST" name="Default suite" finished-at="2022-09-22T08:54:39 IST" duration-ms="16692">
    <groups>
    </groups>
    <test started-at="2022-09-22T08:54:23 IST" name="Default test" finished-at="2022-09-22T08:54:39 IST" duration-ms="16692">
      <class name="DataDrivenTests.XlsxExample">
        <test-method is-config="true" signature="getData()[pri:0, instance:DataDrivenTests.XlsxExample@4b741d6d]" started-at="2022-09-22T08:54:13 IST" name="getData" finished-at="2022-09-22T08:54:23 IST" duration-ms="9670" status="PASS">
          <reporter-output>
          </reporter-output>
        </test-method> <!-- getData -->
        <test-method is-config="true" signature="lanuchURL()[pri:0, instance:DataDrivenTests.XlsxExample@4b741d6d]" started-at="2022-09-22T08:54:23 IST" name="lanuchURL" finished-at="2022-09-22T08:54:26 IST" duration-ms="3619" status="PASS">
          <reporter-output>
          </reporter-output>
        </test-method> <!-- lanuchURL -->
        <test-method is-config="true" signature="beforeMethod1()[pri:0, instance:DataDrivenTests.XlsxExample@4b741d6d]" started-at="2022-09-22T08:54:26 IST" name="beforeMethod1" finished-at="2022-09-22T08:54:26 IST" duration-ms="17" status="PASS">
          <reporter-output>
          </reporter-output>
        </test-method> <!-- beforeMethod1 -->
        <test-method signature="enterUserName()[pri:1, instance:DataDrivenTests.XlsxExample@4b741d6d]" started-at="2022-09-22T08:54:26 IST" name="enterUserName" finished-at="2022-09-22T08:54:34 IST" duration-ms="7596" status="PASS">
          <reporter-output>
          </reporter-output>
        </test-method> <!-- enterUserName -->
        <test-method is-config="true" signature="AfterMethod1()[pri:0, instance:DataDrivenTests.XlsxExample@4b741d6d]" started-at="2022-09-22T08:54:34 IST" name="AfterMethod1" finished-at="2022-09-22T08:54:34 IST" duration-ms="72" status="PASS">
          <reporter-output>
          </reporter-output>
        </test-method> <!-- AfterMethod1 -->
        <test-method is-config="true" signature="beforeMethod1()[pri:0, instance:DataDrivenTests.XlsxExample@4b741d6d]" started-at="2022-09-22T08:54:34 IST" name="beforeMethod1" finished-at="2022-09-22T08:54:34 IST" duration-ms="12" status="PASS">
          <reporter-output>
          </reporter-output>
        </test-method> <!-- beforeMethod1 -->
        <test-method signature="enterPassword()[pri:2, instance:DataDrivenTests.XlsxExample@4b741d6d]" started-at="2022-09-22T08:54:34 IST" name="enterPassword" finished-at="2022-09-22T08:54:39 IST" duration-ms="4980" status="PASS">
          <reporter-output>
          </reporter-output>
        </test-method> <!-- enterPassword -->
        <test-method is-config="true" signature="AfterMethod1()[pri:0, instance:DataDrivenTests.XlsxExample@4b741d6d]" started-at="2022-09-22T08:54:39 IST" name="AfterMethod1" finished-at="2022-09-22T08:54:39 IST" duration-ms="8" status="PASS">
          <reporter-output>
          </reporter-output>
        </test-method> <!-- AfterMethod1 -->
        <test-method is-config="true" signature="beforeMethod1()[pri:0, instance:DataDrivenTests.XlsxExample@4b741d6d]" started-at="2022-09-22T08:54:39 IST" name="beforeMethod1" finished-at="2022-09-22T08:54:39 IST" duration-ms="9" status="PASS">
          <reporter-output>
          </reporter-output>
        </test-method> <!-- beforeMethod1 -->
        <test-method signature="clickLogin()[pri:3, instance:DataDrivenTests.XlsxExample@4b741d6d]" started-at="2022-09-22T08:54:39 IST" name="clickLogin" finished-at="2022-09-22T08:54:39 IST" duration-ms="204" status="PASS">
          <reporter-output>
          </reporter-output>
        </test-method> <!-- clickLogin -->
        <test-method is-config="true" signature="AfterMethod1()[pri:0, instance:DataDrivenTests.XlsxExample@4b741d6d]" started-at="2022-09-22T08:54:39 IST" name="AfterMethod1" finished-at="2022-09-22T08:54:39 IST" duration-ms="49" status="PASS">
          <reporter-output>
          </reporter-output>
        </test-method> <!-- AfterMethod1 -->
        <test-method is-config="true" signature="closeBrowser()[pri:0, instance:DataDrivenTests.XlsxExample@4b741d6d]" started-at="2022-09-22T08:54:39 IST" name="closeBrowser" finished-at="2022-09-22T08:54:42 IST" duration-ms="2991" status="PASS">
          <reporter-output>
          </reporter-output>
        </test-method> <!-- closeBrowser -->
      </class> <!-- DataDrivenTests.XlsxExample -->
    </test> <!-- Default test -->
  </suite> <!-- Default suite -->
</testng-results>
