<?xml version="1.0" encoding="UTF-8"?>
<!-- Generated by org.testng.reporters.JUnitXMLReporter -->
<testsuite ignored="0" hostname="LAPTOP-3BL16AQ1" failures="0" tests="3" name="Default test" time="16.692" errors="0" timestamp="2022-09-22T08:54:39 IST">
  <testcase classname="DataDrivenTests.XlsxExample" name="enterUserName" time="7.596"/>
  <testcase classname="DataDrivenTests.XlsxExample" name="enterPassword" time="4.98"/>
  <testcase classname="DataDrivenTests.XlsxExample" name="clickLogin" time="0.204"/>
</testsuite> <!-- Default test -->
